<?xml version="1.0" encoding="UTF-8"?>
<testsuites>
  <testsuite name="FinnaSiffor Projekt ver 1.1.Api-TestSuite" time="41.47" tests="3" failures="0" errors="0" package="FinnaSiffor Projekt ver 1.1" id="1">
    <properties>
[...]
</properties>
    <testcase name="Få tillbaka en lista på alla produkter" time="0.2"/>
    <testcase name="Få tillbaka rätt antal produkter" time="0.115"/>
    <testcase name="Kolla tid för anrop genom att köra 100 anrop" time="40.502"/>
  </testsuite>
</testsuites>